{"/home/neverberrie/frontend-project-lvl2/src/compareData.js": {"path":"/home/neverberrie/frontend-project-lvl2/src/compareData.js","all":false,"statementMap":{"0":{"start":{"line":1,"column":0},"end":{"line":1,"column":23}},"1":{"start":{"line":2,"column":0},"end":{"line":2,"column":0}},"2":{"start":{"line":3,"column":0},"end":{"line":3,"column":33}},"3":{"start":{"line":4,"column":0},"end":{"line":4,"column":37}},"4":{"start":{"line":5,"column":0},"end":{"line":5,"column":37}},"5":{"start":{"line":6,"column":0},"end":{"line":6,"column":44}},"6":{"start":{"line":7,"column":0},"end":{"line":7,"column":0}},"7":{"start":{"line":8,"column":0},"end":{"line":8,"column":35}},"8":{"start":{"line":9,"column":0},"end":{"line":9,"column":41}},"9":{"start":{"line":10,"column":0},"end":{"line":10,"column":32}},"10":{"start":{"line":11,"column":0},"end":{"line":11,"column":32}},"11":{"start":{"line":12,"column":0},"end":{"line":12,"column":0}},"12":{"start":{"line":13,"column":0},"end":{"line":13,"column":43}},"13":{"start":{"line":14,"column":0},"end":{"line":14,"column":29}},"14":{"start":{"line":15,"column":0},"end":{"line":15,"column":29}},"15":{"start":{"line":16,"column":0},"end":{"line":16,"column":0}},"16":{"start":{"line":17,"column":0},"end":{"line":17,"column":51}},"17":{"start":{"line":18,"column":0},"end":{"line":18,"column":14}},"18":{"start":{"line":19,"column":0},"end":{"line":19,"column":23}},"19":{"start":{"line":20,"column":0},"end":{"line":20,"column":12}},"20":{"start":{"line":21,"column":0},"end":{"line":21,"column":39}},"21":{"start":{"line":22,"column":0},"end":{"line":22,"column":8}},"22":{"start":{"line":23,"column":0},"end":{"line":23,"column":5}},"23":{"start":{"line":24,"column":0},"end":{"line":24,"column":0}},"24":{"start":{"line":25,"column":0},"end":{"line":25,"column":74}},"25":{"start":{"line":26,"column":0},"end":{"line":26,"column":14}},"26":{"start":{"line":27,"column":0},"end":{"line":27,"column":26}},"27":{"start":{"line":28,"column":0},"end":{"line":28,"column":12}},"28":{"start":{"line":29,"column":0},"end":{"line":29,"column":22}},"29":{"start":{"line":30,"column":0},"end":{"line":30,"column":8}},"30":{"start":{"line":31,"column":0},"end":{"line":31,"column":5}},"31":{"start":{"line":32,"column":0},"end":{"line":32,"column":74}},"32":{"start":{"line":33,"column":0},"end":{"line":33,"column":14}},"33":{"start":{"line":34,"column":0},"end":{"line":34,"column":26}},"34":{"start":{"line":35,"column":0},"end":{"line":35,"column":12}},"35":{"start":{"line":36,"column":0},"end":{"line":36,"column":22}},"36":{"start":{"line":37,"column":0},"end":{"line":37,"column":23}},"37":{"start":{"line":38,"column":0},"end":{"line":38,"column":8}},"38":{"start":{"line":39,"column":0},"end":{"line":39,"column":5}},"39":{"start":{"line":40,"column":0},"end":{"line":40,"column":54}},"40":{"start":{"line":41,"column":0},"end":{"line":41,"column":14}},"41":{"start":{"line":42,"column":0},"end":{"line":42,"column":22}},"42":{"start":{"line":43,"column":0},"end":{"line":43,"column":12}},"43":{"start":{"line":44,"column":0},"end":{"line":44,"column":22}},"44":{"start":{"line":45,"column":0},"end":{"line":45,"column":8}},"45":{"start":{"line":46,"column":0},"end":{"line":46,"column":5}},"46":{"start":{"line":47,"column":0},"end":{"line":47,"column":57}},"47":{"start":{"line":48,"column":0},"end":{"line":48,"column":12}},"48":{"start":{"line":49,"column":0},"end":{"line":49,"column":22}},"49":{"start":{"line":50,"column":0},"end":{"line":50,"column":10}},"50":{"start":{"line":51,"column":0},"end":{"line":51,"column":20}},"51":{"start":{"line":52,"column":0},"end":{"line":52,"column":6}},"52":{"start":{"line":53,"column":0},"end":{"line":53,"column":5}},"53":{"start":{"line":54,"column":0},"end":{"line":54,"column":0}},"54":{"start":{"line":55,"column":0},"end":{"line":55,"column":16}},"55":{"start":{"line":56,"column":0},"end":{"line":56,"column":2}},"56":{"start":{"line":57,"column":0},"end":{"line":57,"column":0}},"57":{"start":{"line":58,"column":0},"end":{"line":58,"column":23}}},"s":{"0":1,"1":1,"2":1,"3":10,"4":10,"5":10,"6":10,"7":10,"8":10,"9":10,"10":10,"11":10,"12":10,"13":4,"14":4,"15":4,"16":4,"17":4,"18":4,"19":4,"20":4,"21":4,"22":4,"23":4,"24":4,"25":4,"26":4,"27":4,"28":4,"29":4,"30":4,"31":4,"32":4,"33":4,"34":4,"35":4,"36":4,"37":4,"38":4,"39":4,"40":4,"41":4,"42":4,"43":4,"44":4,"45":4,"46":4,"47":4,"48":4,"49":4,"50":4,"51":4,"52":4,"53":10,"54":10,"55":10,"56":1,"57":1},"branchMap":{"0":{"type":"branch","line":3,"loc":{"start":{"line":3,"column":16},"end":{"line":56,"column":2}},"locations":[{"start":{"line":3,"column":16},"end":{"line":56,"column":2}}]},"1":{"type":"branch","line":13,"loc":{"start":{"line":13,"column":34},"end":{"line":53,"column":5}},"locations":[{"start":{"line":13,"column":34},"end":{"line":53,"column":5}}]},"2":{"type":"branch","line":17,"loc":{"start":{"line":17,"column":8},"end":{"line":17,"column":31}},"locations":[{"start":{"line":17,"column":8},"end":{"line":17,"column":31}}]},"3":{"type":"branch","line":17,"loc":{"start":{"line":17,"column":50},"end":{"line":23,"column":5}},"locations":[{"start":{"line":17,"column":50},"end":{"line":23,"column":5}}]},"4":{"type":"branch","line":24,"loc":{"start":{"line":24,"column":-1},"end":{"line":25,"column":13}},"locations":[{"start":{"line":24,"column":-1},"end":{"line":25,"column":13}}]},"5":{"type":"branch","line":25,"loc":{"start":{"line":25,"column":8},"end":{"line":25,"column":36}},"locations":[{"start":{"line":25,"column":8},"end":{"line":25,"column":36}}]},"6":{"type":"branch","line":25,"loc":{"start":{"line":25,"column":8},"end":{"line":25,"column":73}},"locations":[{"start":{"line":25,"column":8},"end":{"line":25,"column":73}}]},"7":{"type":"branch","line":25,"loc":{"start":{"line":25,"column":73},"end":{"line":31,"column":5}},"locations":[{"start":{"line":25,"column":73},"end":{"line":31,"column":5}}]},"8":{"type":"branch","line":32,"loc":{"start":{"line":32,"column":-1},"end":{"line":32,"column":13}},"locations":[{"start":{"line":32,"column":-1},"end":{"line":32,"column":13}}]},"9":{"type":"branch","line":32,"loc":{"start":{"line":32,"column":8},"end":{"line":32,"column":36}},"locations":[{"start":{"line":32,"column":8},"end":{"line":32,"column":36}}]},"10":{"type":"branch","line":32,"loc":{"start":{"line":32,"column":8},"end":{"line":32,"column":73}},"locations":[{"start":{"line":32,"column":8},"end":{"line":32,"column":73}}]},"11":{"type":"branch","line":32,"loc":{"start":{"line":32,"column":73},"end":{"line":39,"column":5}},"locations":[{"start":{"line":32,"column":73},"end":{"line":39,"column":5}}]},"12":{"type":"branch","line":40,"loc":{"start":{"line":40,"column":-1},"end":{"line":40,"column":13}},"locations":[{"start":{"line":40,"column":-1},"end":{"line":40,"column":13}}]},"13":{"type":"branch","line":40,"loc":{"start":{"line":40,"column":8},"end":{"line":40,"column":37}},"locations":[{"start":{"line":40,"column":8},"end":{"line":40,"column":37}}]},"14":{"type":"branch","line":40,"loc":{"start":{"line":40,"column":53},"end":{"line":46,"column":5}},"locations":[{"start":{"line":40,"column":53},"end":{"line":46,"column":5}}]},"15":{"type":"branch","line":13,"loc":{"start":{"line":13,"column":42},"end":{"line":53,"column":5}},"locations":[{"start":{"line":13,"column":42},"end":{"line":53,"column":5}}]}},"b":{"0":[10],"1":[36],"2":[12],"3":[8],"4":[28],"5":[24],"6":[14],"7":[6],"8":[22],"9":[18],"10":[8],"11":[8],"12":[14],"13":[10],"14":[10],"15":[4]},"fnMap":{"0":{"name":"getDiff","decl":{"start":{"line":3,"column":16},"end":{"line":56,"column":2}},"loc":{"start":{"line":3,"column":16},"end":{"line":56,"column":2}},"line":3}},"f":{"0":10}}
,"/home/neverberrie/frontend-project-lvl2/src/converter.js": {"path":"/home/neverberrie/frontend-project-lvl2/src/converter.js","all":false,"statementMap":{"0":{"start":{"line":1,"column":0},"end":{"line":1,"column":27}},"1":{"start":{"line":2,"column":0},"end":{"line":2,"column":0}},"2":{"start":{"line":3,"column":0},"end":{"line":3,"column":47}},"3":{"start":{"line":4,"column":0},"end":{"line":4,"column":37}},"4":{"start":{"line":5,"column":0},"end":{"line":5,"column":31}},"5":{"start":{"line":6,"column":0},"end":{"line":6,"column":3}},"6":{"start":{"line":7,"column":0},"end":{"line":7,"column":68}},"7":{"start":{"line":8,"column":0},"end":{"line":8,"column":30}},"8":{"start":{"line":9,"column":0},"end":{"line":9,"column":3}},"9":{"start":{"line":10,"column":0},"end":{"line":10,"column":13}},"10":{"start":{"line":11,"column":0},"end":{"line":11,"column":2}},"11":{"start":{"line":12,"column":0},"end":{"line":12,"column":0}},"12":{"start":{"line":13,"column":0},"end":{"line":13,"column":28}}},"s":{"0":1,"1":1,"2":1,"3":4,"4":2,"5":2,"6":4,"7":2,"8":2,"9":0,"10":0,"11":1,"12":1},"branchMap":{"0":{"type":"branch","line":3,"loc":{"start":{"line":3,"column":21},"end":{"line":11,"column":2}},"locations":[{"start":{"line":3,"column":21},"end":{"line":11,"column":2}}]},"1":{"type":"branch","line":4,"loc":{"start":{"line":4,"column":36},"end":{"line":7,"column":16}},"locations":[{"start":{"line":4,"column":36},"end":{"line":7,"column":16}}]},"2":{"type":"branch","line":7,"loc":{"start":{"line":7,"column":6},"end":{"line":7,"column":47}},"locations":[{"start":{"line":7,"column":6},"end":{"line":7,"column":47}}]},"3":{"type":"branch","line":7,"loc":{"start":{"line":7,"column":67},"end":{"line":9,"column":3}},"locations":[{"start":{"line":7,"column":67},"end":{"line":9,"column":3}}]},"4":{"type":"branch","line":10,"loc":{"start":{"line":10,"column":-1},"end":{"line":11,"column":2}},"locations":[{"start":{"line":10,"column":-1},"end":{"line":11,"column":2}}]}},"b":{"0":[4],"1":[2],"2":[0],"3":[2],"4":[0]},"fnMap":{"0":{"name":"defineFormat","decl":{"start":{"line":3,"column":21},"end":{"line":11,"column":2}},"loc":{"start":{"line":3,"column":21},"end":{"line":11,"column":2}},"line":3}},"f":{"0":4}}
,"/home/neverberrie/frontend-project-lvl2/src/getPath.js": {"path":"/home/neverberrie/frontend-project-lvl2/src/getPath.js","all":false,"statementMap":{"0":{"start":{"line":1,"column":0},"end":{"line":1,"column":24}},"1":{"start":{"line":2,"column":0},"end":{"line":2,"column":0}},"2":{"start":{"line":3,"column":0},"end":{"line":3,"column":26}},"3":{"start":{"line":4,"column":0},"end":{"line":4,"column":28}},"4":{"start":{"line":5,"column":0},"end":{"line":5,"column":15}},"5":{"start":{"line":6,"column":0},"end":{"line":6,"column":3}},"6":{"start":{"line":7,"column":0},"end":{"line":7,"column":42}},"7":{"start":{"line":8,"column":0},"end":{"line":8,"column":2}},"8":{"start":{"line":9,"column":0},"end":{"line":9,"column":23}}},"s":{"0":1,"1":1,"2":1,"3":4,"4":4,"5":4,"6":0,"7":0,"8":1},"branchMap":{"0":{"type":"branch","line":3,"loc":{"start":{"line":3,"column":17},"end":{"line":8,"column":2}},"locations":[{"start":{"line":3,"column":17},"end":{"line":8,"column":2}}]},"1":{"type":"branch","line":7,"loc":{"start":{"line":7,"column":-1},"end":{"line":8,"column":2}},"locations":[{"start":{"line":7,"column":-1},"end":{"line":8,"column":2}}]}},"b":{"0":[4],"1":[0]},"fnMap":{"0":{"name":"getPath","decl":{"start":{"line":3,"column":17},"end":{"line":8,"column":2}},"loc":{"start":{"line":3,"column":17},"end":{"line":8,"column":2}},"line":3}},"f":{"0":4}}
,"/home/neverberrie/frontend-project-lvl2/src/index.js": {"path":"/home/neverberrie/frontend-project-lvl2/src/index.js","all":false,"statementMap":{"0":{"start":{"line":1,"column":0},"end":{"line":1,"column":26}},"1":{"start":{"line":2,"column":0},"end":{"line":2,"column":20}},"2":{"start":{"line":3,"column":0},"end":{"line":3,"column":27}},"3":{"start":{"line":4,"column":0},"end":{"line":4,"column":39}},"4":{"start":{"line":5,"column":0},"end":{"line":5,"column":42}},"5":{"start":{"line":6,"column":0},"end":{"line":6,"column":35}},"6":{"start":{"line":7,"column":0},"end":{"line":7,"column":37}},"7":{"start":{"line":8,"column":0},"end":{"line":8,"column":0}},"8":{"start":{"line":9,"column":0},"end":{"line":9,"column":63}},"9":{"start":{"line":10,"column":0},"end":{"line":10,"column":33}},"10":{"start":{"line":11,"column":0},"end":{"line":11,"column":51}},"11":{"start":{"line":12,"column":0},"end":{"line":12,"column":51}},"12":{"start":{"line":13,"column":0},"end":{"line":13,"column":31}},"13":{"start":{"line":14,"column":0},"end":{"line":14,"column":0}},"14":{"start":{"line":15,"column":0},"end":{"line":15,"column":59}},"15":{"start":{"line":16,"column":0},"end":{"line":16,"column":59}},"16":{"start":{"line":17,"column":0},"end":{"line":17,"column":40}},"17":{"start":{"line":18,"column":0},"end":{"line":18,"column":0}},"18":{"start":{"line":19,"column":0},"end":{"line":19,"column":57}},"19":{"start":{"line":20,"column":0},"end":{"line":20,"column":57}},"20":{"start":{"line":21,"column":0},"end":{"line":21,"column":18}},"21":{"start":{"line":22,"column":0},"end":{"line":22,"column":0}},"22":{"start":{"line":23,"column":0},"end":{"line":23,"column":56}},"23":{"start":{"line":24,"column":0},"end":{"line":24,"column":0}},"24":{"start":{"line":25,"column":0},"end":{"line":25,"column":21}},"25":{"start":{"line":26,"column":0},"end":{"line":26,"column":2}},"26":{"start":{"line":27,"column":0},"end":{"line":27,"column":0}},"27":{"start":{"line":28,"column":0},"end":{"line":28,"column":23}}},"s":{"0":1,"1":1,"2":1,"3":1,"4":1,"5":1,"6":1,"7":1,"8":1,"9":2,"10":2,"11":2,"12":2,"13":2,"14":2,"15":2,"16":2,"17":2,"18":2,"19":2,"20":2,"21":2,"22":2,"23":2,"24":2,"25":2,"26":1,"27":1},"branchMap":{"0":{"type":"branch","line":9,"loc":{"start":{"line":9,"column":16},"end":{"line":26,"column":2}},"locations":[{"start":{"line":9,"column":16},"end":{"line":26,"column":2}}]}},"b":{"0":[2]},"fnMap":{"0":{"name":"genDiff","decl":{"start":{"line":9,"column":16},"end":{"line":26,"column":2}},"loc":{"start":{"line":9,"column":16},"end":{"line":26,"column":2}},"line":9}},"f":{"0":2}}
,"/home/neverberrie/frontend-project-lvl2/src/stylish.js": {"path":"/home/neverberrie/frontend-project-lvl2/src/stylish.js","all":false,"statementMap":{"0":{"start":{"line":1,"column":0},"end":{"line":1,"column":23}},"1":{"start":{"line":2,"column":0},"end":{"line":2,"column":0}},"2":{"start":{"line":3,"column":0},"end":{"line":3,"column":99}},"3":{"start":{"line":4,"column":0},"end":{"line":4,"column":0}},"4":{"start":{"line":5,"column":0},"end":{"line":5,"column":73}},"5":{"start":{"line":6,"column":0},"end":{"line":6,"column":56}},"6":{"start":{"line":7,"column":0},"end":{"line":7,"column":17}},"7":{"start":{"line":8,"column":0},"end":{"line":8,"column":16}},"8":{"start":{"line":9,"column":0},"end":{"line":9,"column":16}},"9":{"start":{"line":10,"column":0},"end":{"line":10,"column":2}},"10":{"start":{"line":11,"column":0},"end":{"line":11,"column":0}},"11":{"start":{"line":12,"column":0},"end":{"line":12,"column":38}},"12":{"start":{"line":13,"column":0},"end":{"line":13,"column":27}},"13":{"start":{"line":14,"column":0},"end":{"line":14,"column":17}},"14":{"start":{"line":15,"column":0},"end":{"line":15,"column":3}},"15":{"start":{"line":16,"column":0},"end":{"line":16,"column":34}},"16":{"start":{"line":17,"column":0},"end":{"line":17,"column":36}},"17":{"start":{"line":18,"column":0},"end":{"line":18,"column":30}},"18":{"start":{"line":19,"column":0},"end":{"line":19,"column":77}},"19":{"start":{"line":20,"column":0},"end":{"line":20,"column":5}},"20":{"start":{"line":21,"column":0},"end":{"line":21,"column":57}},"21":{"start":{"line":22,"column":0},"end":{"line":22,"column":2}},"22":{"start":{"line":23,"column":0},"end":{"line":23,"column":0}},"23":{"start":{"line":24,"column":0},"end":{"line":24,"column":37}},"24":{"start":{"line":25,"column":0},"end":{"line":25,"column":34}},"25":{"start":{"line":26,"column":0},"end":{"line":26,"column":36}},"26":{"start":{"line":27,"column":0},"end":{"line":27,"column":27}},"27":{"start":{"line":28,"column":0},"end":{"line":28,"column":32}},"28":{"start":{"line":29,"column":0},"end":{"line":29,"column":85}},"29":{"start":{"line":30,"column":0},"end":{"line":30,"column":5}},"30":{"start":{"line":31,"column":0},"end":{"line":31,"column":35}},"31":{"start":{"line":32,"column":0},"end":{"line":32,"column":95}},"32":{"start":{"line":33,"column":0},"end":{"line":33,"column":5}},"33":{"start":{"line":34,"column":0},"end":{"line":34,"column":33}},"34":{"start":{"line":35,"column":0},"end":{"line":35,"column":95}},"35":{"start":{"line":36,"column":0},"end":{"line":36,"column":5}},"36":{"start":{"line":37,"column":0},"end":{"line":37,"column":31}},"37":{"start":{"line":38,"column":0},"end":{"line":38,"column":95}},"38":{"start":{"line":39,"column":0},"end":{"line":39,"column":5}},"39":{"start":{"line":40,"column":0},"end":{"line":40,"column":175}},"40":{"start":{"line":41,"column":0},"end":{"line":41,"column":5}},"41":{"start":{"line":42,"column":0},"end":{"line":42,"column":0}},"42":{"start":{"line":43,"column":0},"end":{"line":43,"column":40}},"43":{"start":{"line":44,"column":0},"end":{"line":44,"column":51}},"44":{"start":{"line":45,"column":0},"end":{"line":45,"column":2}},"45":{"start":{"line":46,"column":0},"end":{"line":46,"column":0}},"46":{"start":{"line":47,"column":0},"end":{"line":47,"column":25}}},"s":{"0":1,"1":1,"2":1,"3":1,"4":1,"5":36,"6":36,"7":36,"8":36,"9":36,"10":1,"11":1,"12":54,"13":40,"14":40,"15":14,"16":14,"17":18,"18":18,"19":18,"20":14,"21":14,"22":1,"23":1,"24":10,"25":10,"26":36,"27":36,"28":8,"29":8,"30":36,"31":6,"32":6,"33":36,"34":4,"35":4,"36":36,"37":10,"38":10,"39":8,"40":8,"41":10,"42":10,"43":10,"44":10,"45":1,"46":1},"branchMap":{"0":{"type":"branch","line":3,"loc":{"start":{"line":3,"column":18},"end":{"line":3,"column":70}},"locations":[{"start":{"line":3,"column":18},"end":{"line":3,"column":70}}]},"1":{"type":"branch","line":5,"loc":{"start":{"line":5,"column":22},"end":{"line":10,"column":2}},"locations":[{"start":{"line":5,"column":22},"end":{"line":10,"column":2}}]},"2":{"type":"branch","line":12,"loc":{"start":{"line":12,"column":19},"end":{"line":22,"column":2}},"locations":[{"start":{"line":12,"column":19},"end":{"line":22,"column":2}}]},"3":{"type":"branch","line":13,"loc":{"start":{"line":13,"column":26},"end":{"line":15,"column":3}},"locations":[{"start":{"line":13,"column":26},"end":{"line":15,"column":3}}]},"4":{"type":"branch","line":16,"loc":{"start":{"line":16,"column":-1},"end":{"line":22,"column":2}},"locations":[{"start":{"line":16,"column":-1},"end":{"line":22,"column":2}}]},"5":{"type":"branch","line":17,"loc":{"start":{"line":17,"column":27},"end":{"line":20,"column":5}},"locations":[{"start":{"line":17,"column":27},"end":{"line":20,"column":5}}]},"6":{"type":"branch","line":24,"loc":{"start":{"line":24,"column":18},"end":{"line":45,"column":2}},"locations":[{"start":{"line":24,"column":18},"end":{"line":45,"column":2}}]},"7":{"type":"branch","line":26,"loc":{"start":{"line":26,"column":27},"end":{"line":41,"column":5}},"locations":[{"start":{"line":26,"column":27},"end":{"line":41,"column":5}}]},"8":{"type":"branch","line":28,"loc":{"start":{"line":28,"column":31},"end":{"line":30,"column":5}},"locations":[{"start":{"line":28,"column":31},"end":{"line":30,"column":5}}]},"9":{"type":"branch","line":31,"loc":{"start":{"line":31,"column":-1},"end":{"line":31,"column":8}},"locations":[{"start":{"line":31,"column":-1},"end":{"line":31,"column":8}}]},"10":{"type":"branch","line":31,"loc":{"start":{"line":31,"column":34},"end":{"line":33,"column":5}},"locations":[{"start":{"line":31,"column":34},"end":{"line":33,"column":5}}]},"11":{"type":"branch","line":34,"loc":{"start":{"line":34,"column":-1},"end":{"line":34,"column":8}},"locations":[{"start":{"line":34,"column":-1},"end":{"line":34,"column":8}}]},"12":{"type":"branch","line":34,"loc":{"start":{"line":34,"column":32},"end":{"line":36,"column":5}},"locations":[{"start":{"line":34,"column":32},"end":{"line":36,"column":5}}]},"13":{"type":"branch","line":37,"loc":{"start":{"line":37,"column":-1},"end":{"line":37,"column":8}},"locations":[{"start":{"line":37,"column":-1},"end":{"line":37,"column":8}}]},"14":{"type":"branch","line":37,"loc":{"start":{"line":37,"column":30},"end":{"line":39,"column":5}},"locations":[{"start":{"line":37,"column":30},"end":{"line":39,"column":5}}]},"15":{"type":"branch","line":40,"loc":{"start":{"line":40,"column":-1},"end":{"line":41,"column":5}},"locations":[{"start":{"line":40,"column":-1},"end":{"line":41,"column":5}}]}},"b":{"0":[50],"1":[36],"2":[54],"3":[40],"4":[14],"5":[18],"6":[10],"7":[36],"8":[8],"9":[28],"10":[6],"11":[22],"12":[4],"13":[18],"14":[10],"15":[8]},"fnMap":{"0":{"name":"getIndent","decl":{"start":{"line":3,"column":18},"end":{"line":3,"column":70}},"loc":{"start":{"line":3,"column":18},"end":{"line":3,"column":70}},"line":3},"1":{"name":"getIndentSign","decl":{"start":{"line":5,"column":22},"end":{"line":10,"column":2}},"loc":{"start":{"line":5,"column":22},"end":{"line":10,"column":2}},"line":5},"2":{"name":"makeString","decl":{"start":{"line":12,"column":19},"end":{"line":22,"column":2}},"loc":{"start":{"line":12,"column":19},"end":{"line":22,"column":2}},"line":12},"3":{"name":"getFormat","decl":{"start":{"line":24,"column":18},"end":{"line":45,"column":2}},"loc":{"start":{"line":24,"column":18},"end":{"line":45,"column":2}},"line":24}},"f":{"0":50,"1":36,"2":54,"3":10}}
}
