TN:
SF:src/compareData.js
FN:3,getDiff
FNF:1
FNH:1
FNDA:10,getDiff
DA:1,1
DA:2,1
DA:3,1
DA:4,10
DA:5,10
DA:6,10
DA:7,10
DA:8,10
DA:9,10
DA:10,10
DA:11,10
DA:12,10
DA:13,10
DA:14,4
DA:15,4
DA:16,4
DA:17,4
DA:18,4
DA:19,4
DA:20,4
DA:21,4
DA:22,4
DA:23,4
DA:24,4
DA:25,4
DA:26,4
DA:27,4
DA:28,4
DA:29,4
DA:30,4
DA:31,4
DA:32,4
DA:33,4
DA:34,4
DA:35,4
DA:36,4
DA:37,4
DA:38,4
DA:39,4
DA:40,4
DA:41,4
DA:42,4
DA:43,4
DA:44,4
DA:45,4
DA:46,4
DA:47,4
DA:48,4
DA:49,4
DA:50,4
DA:51,4
DA:52,4
DA:53,4
DA:54,10
DA:55,10
DA:56,10
DA:57,1
DA:58,1
LF:58
LH:58
BRDA:3,0,0,10
BRDA:13,1,0,36
BRDA:17,2,0,12
BRDA:17,3,0,8
BRDA:24,4,0,28
BRDA:25,5,0,24
BRDA:25,6,0,14
BRDA:25,7,0,6
BRDA:32,8,0,22
BRDA:32,9,0,18
BRDA:32,10,0,8
BRDA:32,11,0,8
BRDA:40,12,0,14
BRDA:40,13,0,10
BRDA:40,14,0,10
BRDA:13,15,0,4
BRF:16
BRH:16
end_of_record
TN:
SF:src/converter.js
FN:3,defineFormat
FNF:1
FNH:1
FNDA:4,defineFormat
DA:1,1
DA:2,1
DA:3,1
DA:4,4
DA:5,2
DA:6,2
DA:7,4
DA:8,2
DA:9,2
DA:10,0
DA:11,0
DA:12,1
DA:13,1
LF:13
LH:11
BRDA:3,0,0,4
BRDA:4,1,0,2
BRDA:7,2,0,0
BRDA:7,3,0,2
BRDA:10,4,0,0
BRF:5
BRH:3
end_of_record
TN:
SF:src/getPath.js
FN:3,getPath
FNF:1
FNH:1
FNDA:4,getPath
DA:1,1
DA:2,1
DA:3,1
DA:4,4
DA:5,4
DA:6,4
DA:7,0
DA:8,0
DA:9,1
LF:9
LH:7
BRDA:3,0,0,4
BRDA:7,1,0,0
BRF:2
BRH:1
end_of_record
TN:
SF:src/index.js
FN:9,genDiff
FNF:1
FNH:1
FNDA:2,genDiff
DA:1,1
DA:2,1
DA:3,1
DA:4,1
DA:5,1
DA:6,1
DA:7,1
DA:8,1
DA:9,1
DA:10,2
DA:11,2
DA:12,2
DA:13,2
DA:14,2
DA:15,2
DA:16,2
DA:17,2
DA:18,2
DA:19,2
DA:20,2
DA:21,2
DA:22,2
DA:23,2
DA:24,2
DA:25,2
DA:26,2
DA:27,1
DA:28,1
LF:28
LH:28
BRDA:9,0,0,2
BRF:1
BRH:1
end_of_record
TN:
SF:src/stylish.js
FN:3,getIndent
FN:5,getIndentSign
FN:12,makeString
FN:24,getFormat
FNF:4
FNH:4
FNDA:50,getIndent
FNDA:36,getIndentSign
FNDA:54,makeString
FNDA:10,getFormat
DA:1,1
DA:2,1
DA:3,1
DA:4,1
DA:5,1
DA:6,36
DA:7,36
DA:8,36
DA:9,36
DA:10,36
DA:11,1
DA:12,1
DA:13,54
DA:14,40
DA:15,40
DA:16,14
DA:17,14
DA:18,18
DA:19,18
DA:20,18
DA:21,14
DA:22,14
DA:23,1
DA:24,1
DA:25,10
DA:26,10
DA:27,36
DA:28,36
DA:29,8
DA:30,8
DA:31,36
DA:32,6
DA:33,6
DA:34,36
DA:35,4
DA:36,4
DA:37,36
DA:38,10
DA:39,10
DA:40,8
DA:41,8
DA:42,10
DA:43,10
DA:44,10
DA:45,10
DA:46,1
DA:47,1
LF:47
LH:47
BRDA:3,0,0,50
BRDA:5,1,0,36
BRDA:12,2,0,54
BRDA:13,3,0,40
BRDA:16,4,0,14
BRDA:17,5,0,18
BRDA:24,6,0,10
BRDA:26,7,0,36
BRDA:28,8,0,8
BRDA:31,9,0,28
BRDA:31,10,0,6
BRDA:34,11,0,22
BRDA:34,12,0,4
BRDA:37,13,0,18
BRDA:37,14,0,10
BRDA:40,15,0,8
BRF:16
BRH:16
end_of_record
