TN:
SF:src/compareData.js
FN:3,getDiff
FNF:1
FNH:1
FNDA:2,getDiff
DA:1,1
DA:2,1
DA:3,1
DA:4,2
DA:5,2
DA:6,2
DA:7,2
DA:8,2
DA:9,2
DA:10,2
DA:11,2
DA:12,2
DA:13,4
DA:14,4
DA:15,4
DA:16,4
DA:17,4
DA:18,4
DA:19,4
DA:20,4
DA:21,4
DA:22,4
DA:23,4
DA:24,4
DA:25,4
DA:26,4
DA:27,4
DA:28,4
DA:29,4
DA:30,4
DA:31,4
DA:32,4
DA:33,4
DA:34,4
DA:35,4
DA:36,4
DA:37,4
DA:38,4
DA:39,4
DA:40,4
DA:41,4
DA:42,4
DA:43,4
DA:44,4
DA:45,2
DA:46,2
DA:47,2
DA:48,1
LF:48
LH:48
BRDA:3,0,0,2
BRDA:12,1,0,10
BRDA:16,2,0,6
BRDA:16,3,0,4
BRDA:16,4,0,2
BRDA:23,5,0,8
BRDA:23,6,0,4
BRDA:23,7,0,2
BRDA:23,8,0,2
BRDA:31,9,0,6
BRDA:31,10,0,2
BRDA:31,11,0,2
BRDA:12,12,0,4
BRF:13
BRH:13
end_of_record
TN:
SF:src/converter.js
FN:3,defineFormat
FNF:1
FNH:1
FNDA:4,defineFormat
DA:1,1
DA:2,1
DA:3,1
DA:4,4
DA:5,2
DA:6,2
DA:7,4
DA:8,2
DA:9,2
DA:10,0
DA:11,0
DA:12,1
DA:13,1
LF:13
LH:11
BRDA:3,0,0,4
BRDA:4,1,0,2
BRDA:7,2,0,0
BRDA:7,3,0,2
BRDA:10,4,0,0
BRF:5
BRH:3
end_of_record
TN:
SF:src/getFormat.js
FN:1,getFormat
FNF:1
FNH:1
FNDA:2,getFormat
DA:1,1
DA:2,2
DA:3,10
DA:4,2
DA:5,2
DA:6,10
DA:7,4
DA:8,4
DA:9,10
DA:10,2
DA:11,2
DA:12,2
DA:13,2
DA:14,2
DA:15,2
DA:16,2
DA:17,2
DA:18,1
DA:19,1
LF:19
LH:19
BRDA:1,0,0,2
BRDA:2,1,0,10
BRDA:3,2,0,2
BRDA:6,3,0,8
BRDA:6,4,0,4
BRDA:9,5,0,2
BRF:6
BRH:6
end_of_record
TN:
SF:src/getPath.js
FN:3,getPath
FNF:1
FNH:1
FNDA:4,getPath
DA:1,1
DA:2,1
DA:3,1
DA:4,4
DA:5,4
DA:6,4
DA:7,0
DA:8,0
DA:9,1
LF:9
LH:7
BRDA:3,0,0,4
BRDA:7,1,0,0
BRF:2
BRH:1
end_of_record
TN:
SF:src/index.js
FN:9,genDiff
FNF:1
FNH:1
FNDA:2,genDiff
DA:1,1
DA:2,1
DA:3,1
DA:4,1
DA:5,1
DA:6,1
DA:7,1
DA:8,1
DA:9,1
DA:10,2
DA:11,2
DA:12,2
DA:13,2
DA:14,2
DA:15,2
DA:16,2
DA:17,2
DA:18,2
DA:19,2
DA:20,2
DA:21,2
DA:22,2
DA:23,2
DA:24,2
DA:25,2
DA:26,2
DA:27,1
DA:28,1
LF:28
LH:28
BRDA:9,0,0,2
BRF:1
BRH:1
end_of_record
